{"level":"info","message":"Persistencia en MONGODB iniciada","timestamp":"2023-12-04T01:13:22.608Z"}
{"level":"info","message":"Server escuchando en puerto 8080","timestamp":"2023-12-04T01:13:22.756Z"}
{"level":"info","message":"MongoDB Atlas Conectada","timestamp":"2023-12-04T01:13:25.410Z"}
{"level":"fatal","message":"Error al modificar el rol del usuario. Detalle: Cannot read properties of null (reading 'role')","timestamp":"2023-12-04T14:16:41.139Z"}
{"level":"fatal","message":"Error al modificar el rol del usuario. Detalle: Cannot read properties of null (reading 'role')","timestamp":"2023-12-04T14:20:09.461Z"}
{"level":"error","message":"Error al ingresar al middleware de invalidUserId. Detalle: El uid ingresado tiene un formato invalido","timestamp":"2023-12-04T14:57:12.720Z"}
{"level":"error","message":"Error al ingresar al middleware de invalidUserId. Detalle: El uid ingresado tiene un formato invalido","timestamp":"2023-12-04T15:00:26.905Z"}
{"level":"error","message":"Error al ingresar al middleware de invalidUserId. Detalle: El uid ingresado tiene un formato invalido","timestamp":"2023-12-04T15:01:18.735Z"}
{"level":"error","message":"Error al ingresar al middleware de invalidUserId. Detalle: El uid ingresado tiene un formato invalido","timestamp":"2023-12-04T15:02:45.315Z"}
{"level":"fatal","message":"Error al modificar el rol del usuario. Detalle: Cannot read properties of null (reading 'role')","timestamp":"2023-12-04T15:13:16.360Z"}
{"level":"error","message":"Error al ingresar al middleware de nonExistentUserId. Detail: El uid ingresado no corresponde a un usuario registrado","timestamp":"2023-12-04T15:20:30.588Z"}
{"level":"fatal","message":"Error al modificar el rol del usuario. Detalle: No posee los permisos para cambiar el rol de uid ingresado","timestamp":"2023-12-04T15:24:30.019Z"}
{"level":"fatal","message":"Error al modificar el rol del usuario. Detalle: No posee los permisos para cambiar el rol de uid ingresado","timestamp":"2023-12-04T15:33:32.869Z"}
{"level":"error","message":"Error al ingresar al middleware de invalidUserId. Detail: El uid ingresado tiene un formato invalido","timestamp":"2023-12-04T15:34:59.764Z"}
{"level":"fatal","message":"Error al publicar un producto. Detalle: E11000 duplicate key error collection: ecommerce.products index: title_1 dup key: { title: \"Producto uno\" }","timestamp":"2023-12-04T19:10:13.260Z"}
{"level":"error","message":"Error al obtener los productos. Detalle: CustomError.CustomError is not a constructor","timestamp":"2023-12-04T19:26:39.246Z"}
{"level":"error","message":"Error al obtener los productos. Detalle: undefined","timestamp":"2023-12-04T19:27:58.101Z"}
{"level":"error","message":"Error al obtener los productos. Detalle: undefined","timestamp":"2023-12-04T19:28:53.343Z"}
{"level":"error","message":"Error al obtener los productos. Detail: Price y stock inválidos","timestamp":"2023-12-04T19:51:53.760Z"}
{"level":"error","message":"Error al obtener los productos. Detail: Los campos price y stock deben ser positivos","timestamp":"2023-12-04T19:55:10.153Z"}
{"level":"error","message":"Error al obtener los productos. Detail: Los campos price y stock deben ser positivos","timestamp":"2023-12-04T19:56:43.177Z"}
{"level":"error","message":"Datos invalidos. Detail: Los campos price y stock deben ser positivos","timestamp":"2023-12-04T20:02:40.666Z"}
{"level":"fatal","message":"Error al publicar un producto. Detalle: Cannot read properties of undefined (reading 'role')","timestamp":"2023-12-04T20:11:21.459Z"}
{"level":"fatal","message":"ValidationError. Detail: products validation failed: owner: Cast to ObjectId failed for value \"admin\" (type string) at path \"owner\" because of \"BSONError\"","timestamp":"2023-12-04T22:55:07.196Z"}
{"level":"fatal","message":"Error al eliminar un producto. Detalle: No posee los permisos para eliminar el producto seleccionado","timestamp":"2023-12-05T00:38:16.119Z"}
{"level":"fatal","message":"Error al eliminar un producto. Detalle: No posee los permisos para eliminar el producto seleccionado","timestamp":"2023-12-05T00:40:20.858Z"}
{"level":"fatal","message":"Error al eliminar un producto. Detalle: No posee los permisos para eliminar el producto seleccionado","timestamp":"2023-12-05T00:46:12.244Z"}
{"level":"fatal","message":"Error al eliminar un producto. Detalle: No posee los permisos para eliminar el producto seleccionado","timestamp":"2023-12-05T00:48:16.119Z"}
{"level":"fatal","message":"Error al eliminar un producto. Detalle: No posee los permisos para eliminar el producto seleccionado","timestamp":"2023-12-05T00:51:11.531Z"}
{"level":"fatal","message":"Error al eliminar un producto. Detalle: No posee los permisos para eliminar el producto seleccionado","timestamp":"2023-12-05T00:53:51.521Z"}
{"level":"fatal","message":"Error al eliminar un producto. Detalle: No posee los permisos para eliminar el producto seleccionado","timestamp":"2023-12-05T00:55:45.600Z"}
{"level":"fatal","message":"Error al eliminar un producto. Detalle: No posee los permisos para eliminar el producto seleccionado","timestamp":"2023-12-05T01:02:52.623Z"}
{"level":"fatal","message":"Error al eliminar un producto. Detalle: No posee los permisos para eliminar el producto seleccionado","timestamp":"2023-12-05T01:05:58.360Z"}
{"level":"fatal","message":"Error al eliminar un producto. Detalle: No posee los permisos para eliminar el producto seleccionado","timestamp":"2023-12-05T01:10:46.652Z"}
{"level":"fatal","message":"Error al eliminar un producto. Detalle: No posee los permisos para eliminar el producto seleccionado","timestamp":"2023-12-05T01:13:59.548Z"}
{"level":"fatal","message":"Error al eliminar un producto. Detalle: invalidObjectIdMid is not defined","timestamp":"2023-12-05T01:16:36.937Z"}
{"level":"fatal","message":"Error al agregar un producto al carrito. Detalle: userRole is not defined","timestamp":"2023-12-05T01:56:22.573Z"}
{"level":"fatal","message":"Error al agregar un producto al carrito. Detalle: No puede agregar a su carrito un producto que le pertenece","timestamp":"2023-12-05T01:58:07.026Z"}
{"level":"fatal","message":"Error al conectarse con MongoDB Atlas. Detalle: querySrv ECONNREFUSED _mongodb._tcp.cluster0.4vp9khz.mongodb.net","timestamp":"2023-12-09T18:22:33.412Z"}
{"level":"fatal","message":"Error al conectarse con MongoDB Atlas. Detalle: querySrv ECONNREFUSED _mongodb._tcp.cluster0.4vp9khz.mongodb.net","timestamp":"2023-12-09T18:23:54.482Z"}
{"level":"error","message":"Argumentos invalidos. Detail: El parametro -10 debe ser mayor igual a 1 y no debe superar la cantidad de documentos (4) de la coleccion","timestamp":"2023-12-17T02:16:51.973Z"}
{"level":"error","message":"Argumentos invalidos. Detail: El parametro 23 debe ser mayor igual a 1 y no debe superar la cantidad de documentos (4) de la coleccion","timestamp":"2023-12-17T02:22:20.338Z"}
{"level":"error","message":"Argumentos invalidos. Detail: El parametro 23 debe ser mayor igual a 1 y no debe superar la cantidad de documentos (4) de la coleccion","timestamp":"2023-12-17T02:28:02.188Z"}
{"level":"error","message":"Argumentos invalidos. Detail: El parametro 23 debe ser mayor igual a 1 y no debe superar la cantidad de documentos (4) de la coleccion","timestamp":"2023-12-17T02:28:29.299Z"}
{"level":"error","message":"Argumentos invalidos. Detail: El parametro 23 debe ser mayor igual a 1 y no debe superar la cantidad de docs (4) de la coleccion","timestamp":"2023-12-17T02:29:21.354Z"}
{"level":"error","message":"Error al obtener los productos. Detalle: products is not defined","timestamp":"2023-12-17T02:31:11.692Z"}
{"level":"error","message":"Error al obtener los productos. Detalle: products is not defined","timestamp":"2023-12-17T02:37:41.169Z"}
{"level":"error","message":"Error de datos. Detail: El parametro LIMIT es de tipo number","timestamp":"2023-12-17T02:49:53.398Z"}
{"level":"error","message":"Error de datos. Detail: El parametro LIMIT es de tipo number. Code: 400","timestamp":"2023-12-17T02:51:21.164Z"}
{"level":"error","message":"Error de datos. Detail: El parametro LIMIT es de tipo number. Code: 400","timestamp":"2023-12-17T02:52:20.168Z"}
{"level":"error","message":"ReferenceError. Detail: Cannot access 'productsData' before initialization","timestamp":"2023-12-17T03:03:21.451Z"}
{"level":"error","message":"Error de datos. Detail: El parametro LIMIT es de tipo number","timestamp":"2023-12-17T03:05:12.229Z"}
{"level":"error","message":"Argumentos invalidos. Detail: El parametro -20 debe ser mayor igual a 1 y no debe superar la cantidad de documentos (4) de la coleccion","timestamp":"2023-12-17T03:05:30.396Z"}
{"level":"error","message":"ReferenceError. Detail: products is not defined","timestamp":"2023-12-17T03:07:16.203Z"}
{"level":"error","message":"Error de datos. Detail: El parametro PAGE es de tipo number","timestamp":"2023-12-17T03:09:18.524Z"}
{"level":"error","message":"Argumentos invalidos. Detail: El parametro -10 debe ser mayor igual a 1 y no debe superar la cantidad de documentos (4) de la coleccion","timestamp":"2023-12-17T03:09:47.410Z"}
{"level":"error","message":"Error de datos. Detail: Cuando el parametro QUERY es de tipo Number, no se admiten stock negativos","timestamp":"2023-12-17T03:13:36.030Z"}
{"level":"error","message":"Error de datos. Detail: Cuando el parametro QUERY es de tipo Number, no se admiten stock negativos","timestamp":"2023-12-17T03:14:35.682Z"}
{"level":"error","message":"Error de datos. Detail: El parametro SORT solo admite los valores asc o desc.","timestamp":"2023-12-17T03:17:41.507Z"}
{"level":"error","message":"Error de datos. Detail: El parametro SORT solo admite los valores asc o desc.","timestamp":"2023-12-17T03:17:49.752Z"}
{"level":"error","message":"Error de datos. Detail: El parametro SORT solo admite los valores asc o desc.","timestamp":"2023-12-17T03:18:02.484Z"}
{"level":"fatal","message":"Faltan datos. Detail:  Uno o más propiedades están incompletas o son inválidas.\n        Lista de propiedades requeridas:\n            * title: Necesita ser de tipo String - recibida Producto seis,\n            * description: Necesita ser de tipo String - recibida Este es un producto prueba seis,\n            * code: Necesita ser de tipo String - recibida ,\n            * price: Necesita ser de tipo Number - recibida 206,\n            * status: Necesita ser de tipo Bool y por defecto debe ser true - recibida true,\n            * stock: Necesita ser de tipo Number - recibida 36,\n            * category: Necesita ser de tipo String - recibida muebles","timestamp":"2023-12-17T04:22:29.077Z"}
{"level":"fatal","message":"Faltan datos. Detail:  Uno o más propiedades están incompletas o son inválidas.\n        Lista de propiedades requeridas:\n            * title: Necesita ser de tipo String - recibida Producto seis,\n            * description: Necesita ser de tipo String - recibida Este es un producto prueba seis,\n            * code: Necesita ser de tipo String - recibida ,\n            * price: Necesita ser de tipo Number - recibida 206,\n            * status: Necesita ser de tipo Bool y por defecto debe ser true - recibida true,\n            * stock: Necesita ser de tipo Number - recibida 36,\n            * category: Necesita ser de tipo String - recibida muebles","timestamp":"2023-12-17T04:26:12.495Z"}
{"level":"fatal","message":"Faltan datos. Detail:  Uno o más propiedades están incompletas o son inválidas.\n        Lista de propiedades requeridas:\n            * title: Necesita ser de tipo String - recibida Producto seis,\n            * description: Necesita ser de tipo String - recibida Este es un producto prueba seis,\n            * code: Necesita ser de tipo String - recibida ,\n            * price: Necesita ser de tipo Number - recibida 206,\n            * status: Necesita ser de tipo Bool y por defecto debe ser true - recibida true,\n            * stock: Necesita ser de tipo Number - recibida 36,\n            * category: Necesita ser de tipo String - recibida muebles","timestamp":"2023-12-17T04:28:13.092Z"}
{"level":"error","message":"Error de datos. Detail: Se ingreso un campo titulo con el valor Producto tres que ya se encuentra definido en la colección","timestamp":"2023-12-17T04:29:25.240Z"}
{"level":"error","message":"Error de datos. Detail: Se ingreso un campo titulo con el valor Producto tres que ya se encuentra definido en la colección","timestamp":"2023-12-17T04:30:59.089Z"}
{"level":"fatal","message":"Faltan datos. Detail:  Uno o más propiedades están incompletas o son inválidas.\n        Lista de propiedades requeridas:\n            * title: Necesita ser de tipo String - recibida Producto seis,\n            * description: Necesita ser de tipo String - recibida Este es un producto prueba seis,\n            * code: Necesita ser de tipo String - recibida ,\n            * price: Necesita ser de tipo Number - recibida 206,\n            * status: Necesita ser de tipo Bool y por defecto debe ser true - recibida true,\n            * stock: Necesita ser de tipo Number - recibida 36,\n            * category: Necesita ser de tipo String - recibida muebles","timestamp":"2023-12-17T04:31:11.189Z"}
{"level":"error","message":"Error de datos. Detail: Se ingreso un campo descripcion con el valor Este es un producto prueba tres que ya se encuentra definido en la colección","timestamp":"2023-12-17T04:33:27.291Z"}
{"level":"error","message":"Error de datos. Detail: Se ingreso un campo descripcion con el valor \"Este es un producto prueba tres\" que ya se encuentra definido en la colección","timestamp":"2023-12-17T04:34:19.372Z"}
{"level":"fatal","message":"TypeError. Detail: Cannot read properties of undefined (reading 'role')","timestamp":"2023-12-17T04:35:44.408Z"}
{"level":"fatal","message":"TypeError. Detail: Cannot read properties of undefined (reading 'role')","timestamp":"2023-12-17T04:37:08.843Z"}
{"level":"fatal","message":"TypeError. Detail: Cannot read properties of undefined (reading 'role')","timestamp":"2023-12-17T04:37:53.352Z"}
{"level":"fatal","message":"TypeError. Detail: Cannot read properties of undefined (reading 'role')","timestamp":"2023-12-17T04:38:53.768Z"}
{"level":"fatal","message":"TypeError. Detail: Cannot read properties of undefined (reading 'role')","timestamp":"2023-12-17T04:40:43.203Z"}
{"level":"fatal","message":"TypeError. Detail: Cannot read properties of undefined (reading 'role')","timestamp":"2023-12-17T04:41:46.471Z"}
{"level":"fatal","message":"TypeError. Detail: Cannot read properties of undefined (reading 'role')","timestamp":"2023-12-17T04:42:41.202Z"}
{"level":"error","message":"Error de datos. Detail: Se ingreso un campo codigo con el valor \"abc123p3\" que ya se encuentra definido en la colección . Code: 400","timestamp":"2023-12-17T04:44:45.776Z"}
{"level":"error","message":"Datos invalidos. Detail: Los campos price y stock deben ser positivos","timestamp":"2023-12-17T04:45:23.821Z"}
{"level":"fatal","message":"Faltan datos. Detail:  Uno o más propiedades están incompletas o son inválidas.\n        Lista de propiedades requeridas:\n            * title: Necesita ser de tipo String - recibida Producto seis,\n            * description: Necesita ser de tipo String - recibida Este es un producto prueba seis,\n            * code: Necesita ser de tipo String - recibida ,\n            * price: Necesita ser de tipo Number - recibida 206,\n            * status: Necesita ser de tipo Bool y por defecto debe ser true - recibida true,\n            * stock: Necesita ser de tipo Number - recibida 36,\n            * category: Necesita ser de tipo String - recibida muebles","timestamp":"2023-12-17T04:47:17.475Z"}
{"level":"fatal","message":"TypeError. Detail: Cannot read properties of undefined (reading 'role')","timestamp":"2023-12-17T04:49:18.526Z"}
{"level":"fatal","message":"Error. Detail: El PID solicitado tiene un formato invalido","timestamp":"2023-12-17T13:40:13.806Z"}
{"level":"fatal","message":"ReferenceError. Detail: invalidPidError is not defined","timestamp":"2023-12-17T13:44:22.549Z"}
{"level":"fatal","message":"ReferenceError. Detail: invalidPidError is not defined","timestamp":"2023-12-17T13:44:46.846Z"}
{"level":"fatal","message":"Error de datos. Detail: El PID hola solicitado tiene un formato invalido","timestamp":"2023-12-17T13:45:32.310Z"}
{"level":"fatal","message":"Error al modificar un producto. Detalle: No posee los permisos para eliminar el producto seleccionado","timestamp":"2023-12-17T15:57:11.253Z"}
{"level":"error","message":"Error de datos. Detail: Se ingreso un campo titulo con el valor \"Producto dos modificado\" que ya se encuentra definido en la colección","timestamp":"2023-12-17T16:00:43.086Z"}
{"level":"fatal","message":"Error al modificar un producto. Detalle: No posee los permisos para modificar el producto seleccionado","timestamp":"2023-12-17T16:00:57.288Z"}
{"level":"fatal","message":"Error al modificar un producto. Detalle: No posee los permisos para modificar el producto seleccionado","timestamp":"2023-12-17T16:03:49.746Z"}
{"level":"fatal","message":"Error al modificar un producto. Detalle:  Uno o más propiedades están incompletas o son inválidas.\n        Lista de propiedades requeridas:\n            * title: Necesita ser de tipo String - recibida Producto dos modificados,\n            * description: Necesita ser de tipo String - recibida Este es un producto prueba dos modificados,\n            * code: Necesita ser de tipo String - recibida abc123ms,\n            * price: Necesita ser de tipo Number - recibida 202,\n            * status: Necesita ser de tipo Bool y por defecto debe ser true - recibida true,\n            * stock: Necesita ser de tipo Number - recibida 32,\n            * category: Necesita ser de tipo String - recibida muebles","timestamp":"2023-12-17T16:05:52.596Z"}
{"level":"fatal","message":"Error al modificar un producto. Detalle: No posee los permisos para modificar el producto seleccionado","timestamp":"2023-12-17T16:09:20.173Z"}
{"level":"fatal","message":"Error al modificar un producto. Detalle: No posee los permisos para modificar el producto seleccionado","timestamp":"2023-12-17T16:09:52.766Z"}
{"level":"fatal","message":"Error al modificar un producto. Detalle: No posee los permisos para modificar el producto seleccionado","timestamp":"2023-12-17T16:10:25.566Z"}
{"level":"fatal","message":"Error al modificar un producto. Detalle:  Uno o más propiedades están incompletas o son inválidas.\n        Lista de propiedades requeridas:\n            * title: Necesita ser de tipo String - recibida Producto dos modificados,\n            * description: Necesita ser de tipo String - recibida Este es un producto prueba dos modificados,\n            * code: Necesita ser de tipo String - recibida ,\n            * price: Necesita ser de tipo Number - recibida 202,\n            * status: Necesita ser de tipo Bool y por defecto debe ser true - recibida true,\n            * stock: Necesita ser de tipo Number - recibida 32,\n            * category: Necesita ser de tipo String - recibida muebles","timestamp":"2023-12-17T16:13:26.569Z"}
{"level":"fatal","message":"Error al eliminar un producto. Detalle: No posee los permisos para eliminar el producto seleccionado","timestamp":"2023-12-17T16:49:18.740Z"}
{"level":"fatal","message":"Error al eliminar un producto. Detalle: No posee los permisos para modificar el producto seleccionado","timestamp":"2023-12-17T16:50:03.374Z"}
{"level":"fatal","message":"Error al crear un carrito. Detalle: cartAdded is not defined","timestamp":"2023-12-17T18:36:41.924Z"}
{"level":"fatal","message":"Error al obtener un carrito determinado. Detalle: El hola ingresado tiene un formato invalido","timestamp":"2023-12-17T19:09:18.248Z"}
{"level":"fatal","message":"Error al obtener un carrito determinado. Detalle: Id hola ingresado tiene un formato invalido","timestamp":"2023-12-17T19:13:21.121Z"}
{"level":"fatal","message":"Error al eliminar todos los productos en un carrito determinado. Detalle: Id hola ingresado tiene un formato invalido","timestamp":"2023-12-17T22:47:59.182Z"}
{"level":"fatal","message":"Error al eliminar todos los productos en un carrito determinado. Detalle: Id hola ingresado tiene un formato invalido","timestamp":"2023-12-17T22:50:07.324Z"}
{"level":"fatal","message":"Error al eliminar todos los productos en un carrito determinado. Detalle: Id hola ingresado tiene un formato invalido","timestamp":"2023-12-17T22:58:36.860Z"}
{"level":"fatal","message":"Error al agregar un producto al carrito. Detalle: noNumberError is not defined","timestamp":"2023-12-17T23:11:59.393Z"}
{"level":"fatal","message":"Error al agregar un producto al carrito. Detalle: El parametro LIMIT es de tipo number","timestamp":"2023-12-17T23:12:34.559Z"}
{"level":"fatal","message":"Error al agregar un producto al carrito. Detalle: El parametro LIMIT es de tipo number","timestamp":"2023-12-17T23:14:25.841Z"}
{"level":"fatal","message":"Error al agregar un producto al carrito. Detalle: El parametro LIMIT es de tipo number","timestamp":"2023-12-17T23:15:23.419Z"}
{"level":"fatal","message":"Error al agregar un producto al carrito. Detalle: noNumberError is not defined","timestamp":"2023-12-17T23:22:24.144Z"}
{"level":"fatal","message":"Error al agregar un producto al carrito. Detalle: El parametro LIMIT es de tipo number","timestamp":"2023-12-17T23:23:24.323Z"}
{"level":"fatal","message":"Error al agregar un producto al carrito. Detalle: No posee los permisos para modificar el carrito seleccionado","timestamp":"2023-12-17T23:26:02.997Z"}
{"level":"fatal","message":"Error al modificar un producto en un carrito determinado. Detalle: Id hola ingresado tiene un formato invalido","timestamp":"2023-12-18T00:11:18.940Z"}
{"level":"fatal","message":"Error al eliminar un producto en un carrito determinado. Detalle: cartUpdt is not defined","timestamp":"2023-12-18T00:12:42.834Z"}
{"level":"fatal","message":"Error al eliminar un producto en un carrito determinado. Detalle: Id hola ingresado tiene un formato invalido","timestamp":"2023-12-18T00:12:58.057Z"}
{"level":"fatal","message":"Error al conectarse con MongoDB Atlas. Detalle: mongoose is not defined","timestamp":"2023-12-18T19:01:23.351Z"}
{"level":"fatal","message":"TypeError. Detail: Cannot read properties of undefined (reading 'role')","timestamp":"2023-12-18T20:45:54.462Z"}
{"level":"error","message":"Error de datos. Detail: Se ingreso un campo titulo con el valor \"Producto siete\" que ya se encuentra definido en la colección","timestamp":"2023-12-19T00:03:50.780Z"}
